<!DOCTYPE html>

<html>
  <head>
  <title>TestNG reports</title>

    <link type="text/css" href="testng-reports.css" rel="stylesheet" />  
    <script type="text/javascript" src="jquery-1.7.1.min.js"></script>
    <script type="text/javascript" src="testng-reports.js"></script>
    <script type="text/javascript" src="https://www.google.com/jsapi"></script>
    <script type='text/javascript'>
      google.load('visualization', '1', {packages:['table']});
      google.setOnLoadCallback(drawTable);
      var suiteTableInitFunctions = new Array();
      var suiteTableData = new Array();
    </script>
    <!--
      <script type="text/javascript" src="jquery-ui/js/jquery-ui-1.8.16.custom.min.js"></script>
     -->
  </head>

  <body>
    <div class="top-banner-root">
      <span class="top-banner-title-font">Test results</span>
      <br/>
      <span class="top-banner-font-1">1 suite, 7 failed tests</span>
    </div> <!-- top-banner-root -->
    <div class="navigator-root">
      <div class="navigator-suite-header">
        <span>All suites</span>
        <a href="#" class="collapse-all-link" title="Collapse/expand all the suites">
          <img class="collapse-all-icon" src="collapseall.gif">
          </img> <!-- collapse-all-icon -->
        </a> <!-- collapse-all-link -->
      </div> <!-- navigator-suite-header -->
      <div class="suite">
        <div class="rounded-window">
          <div class="suite-header light-rounded-window-top">
            <a href="#" class="navigator-link" panel-name="suite-Default_suite">
              <span class="suite-name border-failed">Default suite</span>
            </a> <!-- navigator-link -->
          </div> <!-- suite-header light-rounded-window-top -->
          <div class="navigator-suite-content">
            <div class="suite-section-title">
              <span>Info</span>
            </div> <!-- suite-section-title -->
            <div class="suite-section-content">
              <ul>
                <li>
                  <a href="#" class="navigator-link " panel-name="test-xml-Default_suite">
                    <span>C:\Users\Administrator\AppData\Local\Temp\testng-eclipse--699662630\testng-customsuite.xml</span>
                  </a> <!-- navigator-link  -->
                </li>
                <li>
                  <a href="#" class="navigator-link " panel-name="testlist-Default_suite">
                    <span class="test-stats">1 test</span>
                  </a> <!-- navigator-link  -->
                </li>
                <li>
                  <a href="#" class="navigator-link " panel-name="group-Default_suite">
                    <span>0 groups</span>
                  </a> <!-- navigator-link  -->
                </li>
                <li>
                  <a href="#" class="navigator-link " panel-name="times-Default_suite">
                    <span>Times</span>
                  </a> <!-- navigator-link  -->
                </li>
                <li>
                  <a href="#" class="navigator-link " panel-name="reporter-Default_suite">
                    <span>Reporter output</span>
                  </a> <!-- navigator-link  -->
                </li>
                <li>
                  <a href="#" class="navigator-link " panel-name="ignored-methods-Default_suite">
                    <span>Ignored methods</span>
                  </a> <!-- navigator-link  -->
                </li>
                <li>
                  <a href="#" class="navigator-link " panel-name="chronological-Default_suite">
                    <span>Chronological view</span>
                  </a> <!-- navigator-link  -->
                </li>
              </ul>
            </div> <!-- suite-section-content -->
            <div class="result-section">
              <div class="suite-section-title">
                <span>Results</span>
              </div> <!-- suite-section-title -->
              <div class="suite-section-content">
                <ul>
                  <li>
                    <span class="method-stats">12 methods, 7 failed,   5 passed</span>
                  </li>
                  <li>
                    <span class="method-list-title failed">Failed methods</span>
                    <span class="show-or-hide-methods failed">
                      <a href="#" panel-name="suite-Default_suite" class="hide-methods failed suite-Default_suite"> (hide)</a> <!-- hide-methods failed suite-Default_suite -->
                      <a href="#" panel-name="suite-Default_suite" class="show-methods failed suite-Default_suite"> (show)</a> <!-- show-methods failed suite-Default_suite -->
                    </span>
                    <div class="method-list-content failed suite-Default_suite">
                      <span>
                        <img width="3%" src="failed.png"/>
                        <a href="#" class="method navigator-link" panel-name="suite-Default_suite" title="com.dwb.third.api.test.cases.AGetTest" hash-for-method="execute({sign=eval(util.SignUtil.sign(&quot;&amp;ts=${ts}&amp;menu_id=${menu_id}&quot;)), description=分支用例-参数校验-ts参数缺失, pk=435...)">execute({sign=eval(util.SignUtil.sign("&ts=${ts}&menu_id=${menu_id}")), description=分支用例-参数校验-ts参数缺失, pk=435...)</a> <!-- method navigator-link -->
                      </span>
                      <br/>
                      <span>
                        <img width="3%" src="failed.png"/>
                        <a href="#" class="method navigator-link" panel-name="suite-Default_suite" title="com.dwb.third.api.test.cases.AGetTest" hash-for-method="execute({sign=eval(util.SignUtil.sign(&quot;&amp;ts=${ts}&amp;menu_id=${menu_id}&quot;)), description=分支用例-参数校验-sign参数缺失, pk=4...)">execute({sign=eval(util.SignUtil.sign("&ts=${ts}&menu_id=${menu_id}")), description=分支用例-参数校验-sign参数缺失, pk=4...)</a> <!-- method navigator-link -->
                      </span>
                      <br/>
                      <span>
                        <img width="3%" src="failed.png"/>
                        <a href="#" class="method navigator-link" panel-name="suite-Default_suite" title="com.dwb.third.api.test.cases.AGetTest" hash-for-method="execute({sign=eval(util.SignUtil.sign(&quot;&amp;ts=${ts}&amp;menu_id=${menu_id}&quot;)), description=分支用例-参数校验-菜单id(menu_id)参...)">execute({sign=eval(util.SignUtil.sign("&ts=${ts}&menu_id=${menu_id}")), description=分支用例-参数校验-菜单id(menu_id)参...)</a> <!-- method navigator-link -->
                      </span>
                      <br/>
                      <span>
                        <img width="3%" src="failed.png"/>
                        <a href="#" class="method navigator-link" panel-name="suite-Default_suite" title="com.dwb.third.api.test.cases.AGetTest" hash-for-method="execute({sign=eval(util.SignUtil.sign(&quot;&amp;ts=${ts}&amp;menu_id=${menu_id}&quot;)), description=分析用例-逻辑校验-menu_id下菜品未卖完（...)">execute({sign=eval(util.SignUtil.sign("&ts=${ts}&menu_id=${menu_id}")), description=分析用例-逻辑校验-menu_id下菜品未卖完（...)</a> <!-- method navigator-link -->
                      </span>
                      <br/>
                      <span>
                        <img width="3%" src="failed.png"/>
                        <a href="#" class="method navigator-link" panel-name="suite-Default_suite" title="com.dwb.third.api.test.cases.AGetTest" hash-for-method="execute({sign=eval(util.SignUtil.sign(&quot;&amp;ts=${ts}&amp;menu_id=${menu_id}&quot;)), description=分析用例-逻辑校验-menu_id下菜品不可用,...)">execute({sign=eval(util.SignUtil.sign("&ts=${ts}&menu_id=${menu_id}")), description=分析用例-逻辑校验-menu_id下菜品不可用,...)</a> <!-- method navigator-link -->
                      </span>
                      <br/>
                      <span>
                        <img width="3%" src="failed.png"/>
                        <a href="#" class="method navigator-link" panel-name="suite-Default_suite" title="com.dwb.third.api.test.cases.AGetTest" hash-for-method="execute({sign=eval(util.SignUtil.sign(&quot;&amp;ts=${ts}&amp;menu_id=${menu_id}&quot;)), description=分析用例-逻辑校验-pk参数不存在, pk=43...)">execute({sign=eval(util.SignUtil.sign("&ts=${ts}&menu_id=${menu_id}")), description=分析用例-逻辑校验-pk参数不存在, pk=43...)</a> <!-- method navigator-link -->
                      </span>
                      <br/>
                      <span>
                        <img width="3%" src="failed.png"/>
                        <a href="#" class="method navigator-link" panel-name="suite-Default_suite" title="com.dwb.third.api.test.cases.AGetTest" hash-for-method="execute({sign=eval(util.SignUtil.sign(&quot;&amp;ts=${ts}&amp;menu_id=${menu_id}&quot;)), description=分析用例-逻辑校验-菜单id(menu_id)不...)">execute({sign=eval(util.SignUtil.sign("&ts=${ts}&menu_id=${menu_id}")), description=分析用例-逻辑校验-菜单id(menu_id)不...)</a> <!-- method navigator-link -->
                      </span>
                      <br/>
                    </div> <!-- method-list-content failed suite-Default_suite -->
                  </li>
                  <li>
                    <span class="method-list-title passed">Passed methods</span>
                    <span class="show-or-hide-methods passed">
                      <a href="#" panel-name="suite-Default_suite" class="hide-methods passed suite-Default_suite"> (hide)</a> <!-- hide-methods passed suite-Default_suite -->
                      <a href="#" panel-name="suite-Default_suite" class="show-methods passed suite-Default_suite"> (show)</a> <!-- show-methods passed suite-Default_suite -->
                    </span>
                    <div class="method-list-content passed suite-Default_suite">
                      <span>
                        <img width="3%" src="passed.png"/>
                        <a href="#" class="method navigator-link" panel-name="suite-Default_suite" title="com.dwb.third.api.test.cases.AGetTest" hash-for-method="execute({sign=eval(util.SignUtil.sign(&quot;&amp;ts=${ts}&amp;menu_id=${menu_id}&quot;)), description=分析用例-逻辑校验-签名无效（签名menu_id...)">execute({sign=eval(util.SignUtil.sign("&ts=${ts}&menu_id=${menu_id}")), description=分析用例-逻辑校验-签名无效（签名menu_id...)</a> <!-- method navigator-link -->
                      </span>
                      <br/>
                      <span>
                        <img width="3%" src="passed.png"/>
                        <a href="#" class="method navigator-link" panel-name="suite-Default_suite" title="com.dwb.third.api.test.cases.AGetTest" hash-for-method="execute({sign=eval(util.SignUtil.sign(&quot;&amp;ts=${ts}&amp;menu_id=${menu_id}&quot;)), description=分析用例-逻辑校验-签名无效（签名ts参数和ur...)">execute({sign=eval(util.SignUtil.sign("&ts=${ts}&menu_id=${menu_id}")), description=分析用例-逻辑校验-签名无效（签名ts参数和ur...)</a> <!-- method navigator-link -->
                      </span>
                      <br/>
                      <span>
                        <img width="3%" src="passed.png"/>
                        <a href="#" class="method navigator-link" panel-name="suite-Default_suite" title="com.dwb.third.api.test.cases.AGetTest" hash-for-method="execute({sign=eval(util.SignUtil.sign(&quot;&amp;ts=${ts}&amp;menu_id=${menu_id}&quot;)), description=分析用例-逻辑校验-签名无效（参数未作字典升序排...)">execute({sign=eval(util.SignUtil.sign("&ts=${ts}&menu_id=${menu_id}")), description=分析用例-逻辑校验-签名无效（参数未作字典升序排...)</a> <!-- method navigator-link -->
                      </span>
                      <br/>
                      <span>
                        <img width="3%" src="passed.png"/>
                        <a href="#" class="method navigator-link" panel-name="suite-Default_suite" title="com.dwb.third.api.test.cases.AGetTest" hash-for-method="execute({sign=eval(util.SignUtil.sign(&quot;&amp;ts=${ts}&amp;menu_id=${menu_id}&quot;)), description=分支用例-参数校验-pk参数缺失, pk=, s...)">execute({sign=eval(util.SignUtil.sign("&ts=${ts}&menu_id=${menu_id}")), description=分支用例-参数校验-pk参数缺失, pk=, s...)</a> <!-- method navigator-link -->
                      </span>
                      <br/>
                      <span>
                        <img width="3%" src="passed.png"/>
                        <a href="#" class="method navigator-link" panel-name="suite-Default_suite" title="com.dwb.third.api.test.cases.AGetTest" hash-for-method="execute({sign=eval(util.SignUtil.sign(&quot;&amp;ts=${ts}&amp;menu_id=${menu_id}&quot;)), description=分析用例-逻辑校验-签名无效（签名pk参数和ur...)">execute({sign=eval(util.SignUtil.sign("&ts=${ts}&menu_id=${menu_id}")), description=分析用例-逻辑校验-签名无效（签名pk参数和ur...)</a> <!-- method navigator-link -->
                      </span>
                      <br/>
                    </div> <!-- method-list-content passed suite-Default_suite -->
                  </li>
                </ul>
              </div> <!-- suite-section-content -->
            </div> <!-- result-section -->
          </div> <!-- navigator-suite-content -->
        </div> <!-- rounded-window -->
      </div> <!-- suite -->
    </div> <!-- navigator-root -->
    <div class="wrapper">
      <div class="main-panel-root">
        <div panel-name="suite-Default_suite" class="panel Default_suite">
          <div class="suite-Default_suite-class-failed">
            <div class="main-panel-header rounded-window-top">
              <img src="failed.png"/>
              <span class="class-name">com.dwb.third.api.test.cases.AGetTest</span>
            </div> <!-- main-panel-header rounded-window-top -->
            <div class="main-panel-content rounded-window-bottom">
              <div class="method">
                <div class="method-content">
                  <a name="execute({sign=eval(util.SignUtil.sign(&quot;&amp;ts=${ts}&amp;menu_id=${menu_id}&quot;)), description=分支用例-参数校验-ts参数缺失, pk=435...)">
                  </a> <!-- execute({sign=eval(util.SignUtil.sign("&ts=${ts}&menu_id=${menu_id}")), description=分支用例-参数校验-ts参数缺失, pk=435...) -->
                  <span class="method-name">execute</span>
                  <span class="parameters">({sign=eval(util.SignUtil.sign("&ts=${ts}&menu_id=${menu_id}")), description=分支用例-参数校验-ts参数缺失, pk=43541693, secret=7b75d017582cfb9f481543f3efd142a9, key=100, menu_id=101002, ts=eval(new Date().getTime().toString())}, 9)</span>
                  <div class="stack-trace">java.lang.AssertionError: expected [签名无效] but found [ts参数缺失]
	at org.testng.Assert.fail(Assert.java:94)
	at org.testng.Assert.failNotEquals(Assert.java:494)
	at org.testng.Assert.assertEquals(Assert.java:123)
	at org.testng.Assert.assertEquals(Assert.java:176)
	at org.testng.Assert.assertEquals(Assert.java:186)
	at com.dwb.thirdApi.test.framework.Http.assertResult(Http.java:30)
	at com.dwb.thirdApi.test.framework.Get.processRow(Get.java:67)
	at com.dwb.thirdApi.test.framework.ExecuteEngine.execute(ExecuteEngine.java:32)
	at com.dwb.third.api.test.cases.AGetTest.execute(AGetTest.java:11)
	at sun.reflect.NativeMethodAccessorImpl.invoke0(Native Method)
	at sun.reflect.NativeMethodAccessorImpl.invoke(Unknown Source)
	at sun.reflect.DelegatingMethodAccessorImpl.invoke(Unknown Source)
	at java.lang.reflect.Method.invoke(Unknown Source)
	at org.testng.internal.MethodInvocationHelper.invokeMethod(MethodInvocationHelper.java:84)
	at org.testng.internal.Invoker.invokeMethod(Invoker.java:714)
	at org.testng.internal.Invoker.invokeTestMethod(Invoker.java:901)
	at org.testng.internal.Invoker.invokeTestMethods(Invoker.java:1231)
	at org.testng.internal.TestMethodWorker.invokeTestMethods(TestMethodWorker.java:127)
	at org.testng.internal.TestMethodWorker.run(TestMethodWorker.java:111)
	at org.testng.TestRunner.privateRun(TestRunner.java:767)
	at org.testng.TestRunner.run(TestRunner.java:617)
	at org.testng.SuiteRunner.runTest(SuiteRunner.java:334)
	at org.testng.SuiteRunner.runSequentially(SuiteRunner.java:329)
	at org.testng.SuiteRunner.privateRun(SuiteRunner.java:291)
	at org.testng.SuiteRunner.run(SuiteRunner.java:240)
	at org.testng.SuiteRunnerWorker.runSuite(SuiteRunnerWorker.java:52)
	at org.testng.SuiteRunnerWorker.run(SuiteRunnerWorker.java:86)
	at org.testng.TestNG.runSuitesSequentially(TestNG.java:1224)
	at org.testng.TestNG.runSuitesLocally(TestNG.java:1149)
	at org.testng.TestNG.run(TestNG.java:1057)
	at org.testng.remote.RemoteTestNG.run(RemoteTestNG.java:111)
	at org.testng.remote.RemoteTestNG.initAndRun(RemoteTestNG.java:204)
	at org.testng.remote.RemoteTestNG.main(RemoteTestNG.java:175)

</div> <!-- stack-trace -->
                </div> <!-- method-content -->
              </div> <!-- method -->
              <div class="method">
                <div class="method-content">
                  <a name="execute({sign=eval(util.SignUtil.sign(&quot;&amp;ts=${ts}&amp;menu_id=${menu_id}&quot;)), description=分支用例-参数校验-sign参数缺失, pk=4...)">
                  </a> <!-- execute({sign=eval(util.SignUtil.sign("&ts=${ts}&menu_id=${menu_id}")), description=分支用例-参数校验-sign参数缺失, pk=4...) -->
                  <span class="method-name">execute</span>
                  <span class="parameters">({sign=eval(util.SignUtil.sign("&ts=${ts}&menu_id=${menu_id}")), description=分支用例-参数校验-sign参数缺失, pk=43541693, secret=, key=122, menu_id=101002, ts=eval(new Date().getTime().toString())}, 11)</span>
                  <div class="stack-trace">java.lang.AssertionError: expected [签名无效] but found [sign参数缺失]
	at org.testng.Assert.fail(Assert.java:94)
	at org.testng.Assert.failNotEquals(Assert.java:494)
	at org.testng.Assert.assertEquals(Assert.java:123)
	at org.testng.Assert.assertEquals(Assert.java:176)
	at org.testng.Assert.assertEquals(Assert.java:186)
	at com.dwb.thirdApi.test.framework.Http.assertResult(Http.java:30)
	at com.dwb.thirdApi.test.framework.Get.processRow(Get.java:67)
	at com.dwb.thirdApi.test.framework.ExecuteEngine.execute(ExecuteEngine.java:32)
	at com.dwb.third.api.test.cases.AGetTest.execute(AGetTest.java:11)
	at sun.reflect.NativeMethodAccessorImpl.invoke0(Native Method)
	at sun.reflect.NativeMethodAccessorImpl.invoke(Unknown Source)
	at sun.reflect.DelegatingMethodAccessorImpl.invoke(Unknown Source)
	at java.lang.reflect.Method.invoke(Unknown Source)
	at org.testng.internal.MethodInvocationHelper.invokeMethod(MethodInvocationHelper.java:84)
	at org.testng.internal.Invoker.invokeMethod(Invoker.java:714)
	at org.testng.internal.Invoker.invokeTestMethod(Invoker.java:901)
	at org.testng.internal.Invoker.invokeTestMethods(Invoker.java:1231)
	at org.testng.internal.TestMethodWorker.invokeTestMethods(TestMethodWorker.java:127)
	at org.testng.internal.TestMethodWorker.run(TestMethodWorker.java:111)
	at org.testng.TestRunner.privateRun(TestRunner.java:767)
	at org.testng.TestRunner.run(TestRunner.java:617)
	at org.testng.SuiteRunner.runTest(SuiteRunner.java:334)
	at org.testng.SuiteRunner.runSequentially(SuiteRunner.java:329)
	at org.testng.SuiteRunner.privateRun(SuiteRunner.java:291)
	at org.testng.SuiteRunner.run(SuiteRunner.java:240)
	at org.testng.SuiteRunnerWorker.runSuite(SuiteRunnerWorker.java:52)
	at org.testng.SuiteRunnerWorker.run(SuiteRunnerWorker.java:86)
	at org.testng.TestNG.runSuitesSequentially(TestNG.java:1224)
	at org.testng.TestNG.runSuitesLocally(TestNG.java:1149)
	at org.testng.TestNG.run(TestNG.java:1057)
	at org.testng.remote.RemoteTestNG.run(RemoteTestNG.java:111)
	at org.testng.remote.RemoteTestNG.initAndRun(RemoteTestNG.java:204)
	at org.testng.remote.RemoteTestNG.main(RemoteTestNG.java:175)

</div> <!-- stack-trace -->
                </div> <!-- method-content -->
              </div> <!-- method -->
              <div class="method">
                <div class="method-content">
                  <a name="execute({sign=eval(util.SignUtil.sign(&quot;&amp;ts=${ts}&amp;menu_id=${menu_id}&quot;)), description=分支用例-参数校验-菜单id(menu_id)参...)">
                  </a> <!-- execute({sign=eval(util.SignUtil.sign("&ts=${ts}&menu_id=${menu_id}")), description=分支用例-参数校验-菜单id(menu_id)参...) -->
                  <span class="method-name">execute</span>
                  <span class="parameters">({sign=eval(util.SignUtil.sign("&ts=${ts}&menu_id=${menu_id}")), description=分支用例-参数校验-菜单id(menu_id)参数缺失, pk=43541693, secret=7b75d017582cfb9f481543f3efd142a9, key=99, menu_id=, ts=eval(new Date().getTime().toString())}, 8)</span>
                  <div class="stack-trace">java.lang.AssertionError: expected [签名无效] but found [menu_id参数缺失]
	at org.testng.Assert.fail(Assert.java:94)
	at org.testng.Assert.failNotEquals(Assert.java:494)
	at org.testng.Assert.assertEquals(Assert.java:123)
	at org.testng.Assert.assertEquals(Assert.java:176)
	at org.testng.Assert.assertEquals(Assert.java:186)
	at com.dwb.thirdApi.test.framework.Http.assertResult(Http.java:30)
	at com.dwb.thirdApi.test.framework.Get.processRow(Get.java:67)
	at com.dwb.thirdApi.test.framework.ExecuteEngine.execute(ExecuteEngine.java:32)
	at com.dwb.third.api.test.cases.AGetTest.execute(AGetTest.java:11)
	at sun.reflect.NativeMethodAccessorImpl.invoke0(Native Method)
	at sun.reflect.NativeMethodAccessorImpl.invoke(Unknown Source)
	at sun.reflect.DelegatingMethodAccessorImpl.invoke(Unknown Source)
	at java.lang.reflect.Method.invoke(Unknown Source)
	at org.testng.internal.MethodInvocationHelper.invokeMethod(MethodInvocationHelper.java:84)
	at org.testng.internal.Invoker.invokeMethod(Invoker.java:714)
	at org.testng.internal.Invoker.invokeTestMethod(Invoker.java:901)
	at org.testng.internal.Invoker.invokeTestMethods(Invoker.java:1231)
	at org.testng.internal.TestMethodWorker.invokeTestMethods(TestMethodWorker.java:127)
	at org.testng.internal.TestMethodWorker.run(TestMethodWorker.java:111)
	at org.testng.TestRunner.privateRun(TestRunner.java:767)
	at org.testng.TestRunner.run(TestRunner.java:617)
	at org.testng.SuiteRunner.runTest(SuiteRunner.java:334)
	at org.testng.SuiteRunner.runSequentially(SuiteRunner.java:329)
	at org.testng.SuiteRunner.privateRun(SuiteRunner.java:291)
	at org.testng.SuiteRunner.run(SuiteRunner.java:240)
	at org.testng.SuiteRunnerWorker.runSuite(SuiteRunnerWorker.java:52)
	at org.testng.SuiteRunnerWorker.run(SuiteRunnerWorker.java:86)
	at org.testng.TestNG.runSuitesSequentially(TestNG.java:1224)
	at org.testng.TestNG.runSuitesLocally(TestNG.java:1149)
	at org.testng.TestNG.run(TestNG.java:1057)
	at org.testng.remote.RemoteTestNG.run(RemoteTestNG.java:111)
	at org.testng.remote.RemoteTestNG.initAndRun(RemoteTestNG.java:204)
	at org.testng.remote.RemoteTestNG.main(RemoteTestNG.java:175)

</div> <!-- stack-trace -->
                </div> <!-- method-content -->
              </div> <!-- method -->
              <div class="method">
                <div class="method-content">
                  <a name="execute({sign=eval(util.SignUtil.sign(&quot;&amp;ts=${ts}&amp;menu_id=${menu_id}&quot;)), description=分析用例-逻辑校验-menu_id下菜品未卖完（...)">
                  </a> <!-- execute({sign=eval(util.SignUtil.sign("&ts=${ts}&menu_id=${menu_id}")), description=分析用例-逻辑校验-menu_id下菜品未卖完（...) -->
                  <span class="method-name">execute</span>
                  <span class="parameters">({sign=eval(util.SignUtil.sign("&ts=${ts}&menu_id=${menu_id}")), description=分析用例-逻辑校验-menu_id下菜品未卖完（菜品可用）, pk=43541693, secret=7b75d017582cfb9f481543f3efd142a9, key=333, menu_id=101004, ts=eval(new Date().getTime().toString())}, 2)</span>
                  <div class="stack-trace">java.lang.AssertionError: expected [签名无效] but found [成功]
	at org.testng.Assert.fail(Assert.java:94)
	at org.testng.Assert.failNotEquals(Assert.java:494)
	at org.testng.Assert.assertEquals(Assert.java:123)
	at org.testng.Assert.assertEquals(Assert.java:176)
	at org.testng.Assert.assertEquals(Assert.java:186)
	at com.dwb.thirdApi.test.framework.Http.assertResult(Http.java:30)
	at com.dwb.thirdApi.test.framework.Get.processRow(Get.java:67)
	at com.dwb.thirdApi.test.framework.ExecuteEngine.execute(ExecuteEngine.java:32)
	at com.dwb.third.api.test.cases.AGetTest.execute(AGetTest.java:11)
	at sun.reflect.NativeMethodAccessorImpl.invoke0(Native Method)
	at sun.reflect.NativeMethodAccessorImpl.invoke(Unknown Source)
	at sun.reflect.DelegatingMethodAccessorImpl.invoke(Unknown Source)
	at java.lang.reflect.Method.invoke(Unknown Source)
	at org.testng.internal.MethodInvocationHelper.invokeMethod(MethodInvocationHelper.java:84)
	at org.testng.internal.Invoker.invokeMethod(Invoker.java:714)
	at org.testng.internal.Invoker.invokeTestMethod(Invoker.java:901)
	at org.testng.internal.Invoker.invokeTestMethods(Invoker.java:1231)
	at org.testng.internal.TestMethodWorker.invokeTestMethods(TestMethodWorker.java:127)
	at org.testng.internal.TestMethodWorker.run(TestMethodWorker.java:111)
	at org.testng.TestRunner.privateRun(TestRunner.java:767)
	at org.testng.TestRunner.run(TestRunner.java:617)
	at org.testng.SuiteRunner.runTest(SuiteRunner.java:334)
	at org.testng.SuiteRunner.runSequentially(SuiteRunner.java:329)
	at org.testng.SuiteRunner.privateRun(SuiteRunner.java:291)
	at org.testng.SuiteRunner.run(SuiteRunner.java:240)
	at org.testng.SuiteRunnerWorker.runSuite(SuiteRunnerWorker.java:52)
	at org.testng.SuiteRunnerWorker.run(SuiteRunnerWorker.java:86)
	at org.testng.TestNG.runSuitesSequentially(TestNG.java:1224)
	at org.testng.TestNG.runSuitesLocally(TestNG.java:1149)
	at org.testng.TestNG.run(TestNG.java:1057)
	at org.testng.remote.RemoteTestNG.run(RemoteTestNG.java:111)
	at org.testng.remote.RemoteTestNG.initAndRun(RemoteTestNG.java:204)
	at org.testng.remote.RemoteTestNG.main(RemoteTestNG.java:175)

</div> <!-- stack-trace -->
                </div> <!-- method-content -->
              </div> <!-- method -->
              <div class="method">
                <div class="method-content">
                  <a name="execute({sign=eval(util.SignUtil.sign(&quot;&amp;ts=${ts}&amp;menu_id=${menu_id}&quot;)), description=分析用例-逻辑校验-menu_id下菜品不可用,...)">
                  </a> <!-- execute({sign=eval(util.SignUtil.sign("&ts=${ts}&menu_id=${menu_id}")), description=分析用例-逻辑校验-menu_id下菜品不可用,...) -->
                  <span class="method-name">execute</span>
                  <span class="parameters">({sign=eval(util.SignUtil.sign("&ts=${ts}&menu_id=${menu_id}")), description=分析用例-逻辑校验-menu_id下菜品不可用, pk=43541693, secret=7b75d017582cfb9f481543f3efd142a9, key=333, menu_id=101003, ts=eval(new Date().getTime().toString())}, 1)</span>
                  <div class="stack-trace">java.lang.AssertionError: expected [签名无效] but found [成功]
	at org.testng.Assert.fail(Assert.java:94)
	at org.testng.Assert.failNotEquals(Assert.java:494)
	at org.testng.Assert.assertEquals(Assert.java:123)
	at org.testng.Assert.assertEquals(Assert.java:176)
	at org.testng.Assert.assertEquals(Assert.java:186)
	at com.dwb.thirdApi.test.framework.Http.assertResult(Http.java:30)
	at com.dwb.thirdApi.test.framework.Get.processRow(Get.java:67)
	at com.dwb.thirdApi.test.framework.ExecuteEngine.execute(ExecuteEngine.java:32)
	at com.dwb.third.api.test.cases.AGetTest.execute(AGetTest.java:11)
	at sun.reflect.NativeMethodAccessorImpl.invoke0(Native Method)
	at sun.reflect.NativeMethodAccessorImpl.invoke(Unknown Source)
	at sun.reflect.DelegatingMethodAccessorImpl.invoke(Unknown Source)
	at java.lang.reflect.Method.invoke(Unknown Source)
	at org.testng.internal.MethodInvocationHelper.invokeMethod(MethodInvocationHelper.java:84)
	at org.testng.internal.Invoker.invokeMethod(Invoker.java:714)
	at org.testng.internal.Invoker.invokeTestMethod(Invoker.java:901)
	at org.testng.internal.Invoker.invokeTestMethods(Invoker.java:1231)
	at org.testng.internal.TestMethodWorker.invokeTestMethods(TestMethodWorker.java:127)
	at org.testng.internal.TestMethodWorker.run(TestMethodWorker.java:111)
	at org.testng.TestRunner.privateRun(TestRunner.java:767)
	at org.testng.TestRunner.run(TestRunner.java:617)
	at org.testng.SuiteRunner.runTest(SuiteRunner.java:334)
	at org.testng.SuiteRunner.runSequentially(SuiteRunner.java:329)
	at org.testng.SuiteRunner.privateRun(SuiteRunner.java:291)
	at org.testng.SuiteRunner.run(SuiteRunner.java:240)
	at org.testng.SuiteRunnerWorker.runSuite(SuiteRunnerWorker.java:52)
	at org.testng.SuiteRunnerWorker.run(SuiteRunnerWorker.java:86)
	at org.testng.TestNG.runSuitesSequentially(TestNG.java:1224)
	at org.testng.TestNG.runSuitesLocally(TestNG.java:1149)
	at org.testng.TestNG.run(TestNG.java:1057)
	at org.testng.remote.RemoteTestNG.run(RemoteTestNG.java:111)
	at org.testng.remote.RemoteTestNG.initAndRun(RemoteTestNG.java:204)
	at org.testng.remote.RemoteTestNG.main(RemoteTestNG.java:175)

</div> <!-- stack-trace -->
                </div> <!-- method-content -->
              </div> <!-- method -->
              <div class="method">
                <div class="method-content">
                  <a name="execute({sign=eval(util.SignUtil.sign(&quot;&amp;ts=${ts}&amp;menu_id=${menu_id}&quot;)), description=分析用例-逻辑校验-pk参数不存在, pk=43...)">
                  </a> <!-- execute({sign=eval(util.SignUtil.sign("&ts=${ts}&menu_id=${menu_id}")), description=分析用例-逻辑校验-pk参数不存在, pk=43...) -->
                  <span class="method-name">execute</span>
                  <span class="parameters">({sign=eval(util.SignUtil.sign("&ts=${ts}&menu_id=${menu_id}")), description=分析用例-逻辑校验-pk参数不存在, pk=43541693, secret=7b75d017582cfb9f481543f3efd142a9, key=66, menu_id=101002, ts=eval(new Date().getTime().toString())}, 5)</span>
                  <div class="stack-trace">java.lang.AssertionError: expected [签名无效] but found [partner key 无效]
	at org.testng.Assert.fail(Assert.java:94)
	at org.testng.Assert.failNotEquals(Assert.java:494)
	at org.testng.Assert.assertEquals(Assert.java:123)
	at org.testng.Assert.assertEquals(Assert.java:176)
	at org.testng.Assert.assertEquals(Assert.java:186)
	at com.dwb.thirdApi.test.framework.Http.assertResult(Http.java:30)
	at com.dwb.thirdApi.test.framework.Get.processRow(Get.java:67)
	at com.dwb.thirdApi.test.framework.ExecuteEngine.execute(ExecuteEngine.java:32)
	at com.dwb.third.api.test.cases.AGetTest.execute(AGetTest.java:11)
	at sun.reflect.NativeMethodAccessorImpl.invoke0(Native Method)
	at sun.reflect.NativeMethodAccessorImpl.invoke(Unknown Source)
	at sun.reflect.DelegatingMethodAccessorImpl.invoke(Unknown Source)
	at java.lang.reflect.Method.invoke(Unknown Source)
	at org.testng.internal.MethodInvocationHelper.invokeMethod(MethodInvocationHelper.java:84)
	at org.testng.internal.Invoker.invokeMethod(Invoker.java:714)
	at org.testng.internal.Invoker.invokeTestMethod(Invoker.java:901)
	at org.testng.internal.Invoker.invokeTestMethods(Invoker.java:1231)
	at org.testng.internal.TestMethodWorker.invokeTestMethods(TestMethodWorker.java:127)
	at org.testng.internal.TestMethodWorker.run(TestMethodWorker.java:111)
	at org.testng.TestRunner.privateRun(TestRunner.java:767)
	at org.testng.TestRunner.run(TestRunner.java:617)
	at org.testng.SuiteRunner.runTest(SuiteRunner.java:334)
	at org.testng.SuiteRunner.runSequentially(SuiteRunner.java:329)
	at org.testng.SuiteRunner.privateRun(SuiteRunner.java:291)
	at org.testng.SuiteRunner.run(SuiteRunner.java:240)
	at org.testng.SuiteRunnerWorker.runSuite(SuiteRunnerWorker.java:52)
	at org.testng.SuiteRunnerWorker.run(SuiteRunnerWorker.java:86)
	at org.testng.TestNG.runSuitesSequentially(TestNG.java:1224)
	at org.testng.TestNG.runSuitesLocally(TestNG.java:1149)
	at org.testng.TestNG.run(TestNG.java:1057)
	at org.testng.remote.RemoteTestNG.run(RemoteTestNG.java:111)
	at org.testng.remote.RemoteTestNG.initAndRun(RemoteTestNG.java:204)
	at org.testng.remote.RemoteTestNG.main(RemoteTestNG.java:175)

</div> <!-- stack-trace -->
                </div> <!-- method-content -->
              </div> <!-- method -->
              <div class="method">
                <div class="method-content">
                  <a name="execute({sign=eval(util.SignUtil.sign(&quot;&amp;ts=${ts}&amp;menu_id=${menu_id}&quot;)), description=分析用例-逻辑校验-菜单id(menu_id)不...)">
                  </a> <!-- execute({sign=eval(util.SignUtil.sign("&ts=${ts}&menu_id=${menu_id}")), description=分析用例-逻辑校验-菜单id(menu_id)不...) -->
                  <span class="method-name">execute</span>
                  <span class="parameters">({sign=eval(util.SignUtil.sign("&ts=${ts}&menu_id=${menu_id}")), description=分析用例-逻辑校验-菜单id(menu_id)不存在, pk=43541693, secret=7b75d017582cfb9f481543f3efd142a9, key=22, menu_id=9900099, ts=eval(new Date().getTime().toString())}, 0)</span>
                  <div class="stack-trace">java.lang.AssertionError: expected [签名无效] but found [menu_id不存在?]
	at org.testng.Assert.fail(Assert.java:94)
	at org.testng.Assert.failNotEquals(Assert.java:494)
	at org.testng.Assert.assertEquals(Assert.java:123)
	at org.testng.Assert.assertEquals(Assert.java:176)
	at org.testng.Assert.assertEquals(Assert.java:186)
	at com.dwb.thirdApi.test.framework.Http.assertResult(Http.java:30)
	at com.dwb.thirdApi.test.framework.Get.processRow(Get.java:67)
	at com.dwb.thirdApi.test.framework.ExecuteEngine.execute(ExecuteEngine.java:32)
	at com.dwb.third.api.test.cases.AGetTest.execute(AGetTest.java:11)
	at sun.reflect.NativeMethodAccessorImpl.invoke0(Native Method)
	at sun.reflect.NativeMethodAccessorImpl.invoke(Unknown Source)
	at sun.reflect.DelegatingMethodAccessorImpl.invoke(Unknown Source)
	at java.lang.reflect.Method.invoke(Unknown Source)
	at org.testng.internal.MethodInvocationHelper.invokeMethod(MethodInvocationHelper.java:84)
	at org.testng.internal.Invoker.invokeMethod(Invoker.java:714)
	at org.testng.internal.Invoker.invokeTestMethod(Invoker.java:901)
	at org.testng.internal.Invoker.invokeTestMethods(Invoker.java:1231)
	at org.testng.internal.TestMethodWorker.invokeTestMethods(TestMethodWorker.java:127)
	at org.testng.internal.TestMethodWorker.run(TestMethodWorker.java:111)
	at org.testng.TestRunner.privateRun(TestRunner.java:767)
	at org.testng.TestRunner.run(TestRunner.java:617)
	at org.testng.SuiteRunner.runTest(SuiteRunner.java:334)
	at org.testng.SuiteRunner.runSequentially(SuiteRunner.java:329)
	at org.testng.SuiteRunner.privateRun(SuiteRunner.java:291)
	at org.testng.SuiteRunner.run(SuiteRunner.java:240)
	at org.testng.SuiteRunnerWorker.runSuite(SuiteRunnerWorker.java:52)
	at org.testng.SuiteRunnerWorker.run(SuiteRunnerWorker.java:86)
	at org.testng.TestNG.runSuitesSequentially(TestNG.java:1224)
	at org.testng.TestNG.runSuitesLocally(TestNG.java:1149)
	at org.testng.TestNG.run(TestNG.java:1057)
	at org.testng.remote.RemoteTestNG.run(RemoteTestNG.java:111)
	at org.testng.remote.RemoteTestNG.initAndRun(RemoteTestNG.java:204)
	at org.testng.remote.RemoteTestNG.main(RemoteTestNG.java:175)

</div> <!-- stack-trace -->
                </div> <!-- method-content -->
              </div> <!-- method -->
            </div> <!-- main-panel-content rounded-window-bottom -->
          </div> <!-- suite-Default_suite-class-failed -->
          <div class="suite-Default_suite-class-passed">
            <div class="main-panel-header rounded-window-top">
              <img src="passed.png"/>
              <span class="class-name">com.dwb.third.api.test.cases.AGetTest</span>
            </div> <!-- main-panel-header rounded-window-top -->
            <div class="main-panel-content rounded-window-bottom">
              <div class="method">
                <div class="method-content">
                  <a name="execute({sign=eval(util.SignUtil.sign(&quot;&amp;ts=${ts}&amp;menu_id=${menu_id}&quot;)), description=分析用例-逻辑校验-签名无效（签名menu_id...)">
                  </a> <!-- execute({sign=eval(util.SignUtil.sign("&ts=${ts}&menu_id=${menu_id}")), description=分析用例-逻辑校验-签名无效（签名menu_id...) -->
                  <span class="method-name">execute</span>
                  <span class="parameters">({sign=eval(util.SignUtil.sign("&ts=${ts}&menu_id=${menu_id}")), description=分析用例-逻辑校验-签名无效（签名menu_id参数和url的menu_id参数不一致）, pk=43541693, secret=7b75d017582cfb9f481543f3efd142a9, key=55, menu_id=101002, ts=eval(new Date().getTime().toString())}, 4)</span>
                </div> <!-- method-content -->
              </div> <!-- method -->
              <div class="method">
                <div class="method-content">
                  <a name="execute({sign=eval(util.SignUtil.sign(&quot;&amp;ts=${ts}&amp;menu_id=${menu_id}&quot;)), description=分析用例-逻辑校验-签名无效（签名ts参数和ur...)">
                  </a> <!-- execute({sign=eval(util.SignUtil.sign("&ts=${ts}&menu_id=${menu_id}")), description=分析用例-逻辑校验-签名无效（签名ts参数和ur...) -->
                  <span class="method-name">execute</span>
                  <span class="parameters">({sign=eval(util.SignUtil.sign("&ts=${ts}&menu_id=${menu_id}")), description=分析用例-逻辑校验-签名无效（签名ts参数和url的ts参数不一致）, pk=43541693, secret=7b75d017582cfb9f481543f3efd142a9, key=88, menu_id=101002, ts=eval(new Date().getTime().toString())}, 7)</span>
                </div> <!-- method-content -->
              </div> <!-- method -->
              <div class="method">
                <div class="method-content">
                  <a name="execute({sign=eval(util.SignUtil.sign(&quot;&amp;ts=${ts}&amp;menu_id=${menu_id}&quot;)), description=分析用例-逻辑校验-签名无效（参数未作字典升序排...)">
                  </a> <!-- execute({sign=eval(util.SignUtil.sign("&ts=${ts}&menu_id=${menu_id}")), description=分析用例-逻辑校验-签名无效（参数未作字典升序排...) -->
                  <span class="method-name">execute</span>
                  <span class="parameters">({sign=eval(util.SignUtil.sign("&ts=${ts}&menu_id=${menu_id}")), description=分析用例-逻辑校验-签名无效（参数未作字典升序排序）, pk=43541693, secret=7b75d017582cfb9f481543f3efd142a9, key=44, menu_id=101002, ts=eval(new Date().getTime().toString())}, 3)</span>
                </div> <!-- method-content -->
              </div> <!-- method -->
              <div class="method">
                <div class="method-content">
                  <a name="execute({sign=eval(util.SignUtil.sign(&quot;&amp;ts=${ts}&amp;menu_id=${menu_id}&quot;)), description=分支用例-参数校验-pk参数缺失, pk=, s...)">
                  </a> <!-- execute({sign=eval(util.SignUtil.sign("&ts=${ts}&menu_id=${menu_id}")), description=分支用例-参数校验-pk参数缺失, pk=, s...) -->
                  <span class="method-name">execute</span>
                  <span class="parameters">({sign=eval(util.SignUtil.sign("&ts=${ts}&menu_id=${menu_id}")), description=分支用例-参数校验-pk参数缺失, pk=, secret=7b75d017582cfb9f481543f3efd142a9, key=111, menu_id=101002, ts=eval(new Date().getTime().toString())}, 10)</span>
                </div> <!-- method-content -->
              </div> <!-- method -->
              <div class="method">
                <div class="method-content">
                  <a name="execute({sign=eval(util.SignUtil.sign(&quot;&amp;ts=${ts}&amp;menu_id=${menu_id}&quot;)), description=分析用例-逻辑校验-签名无效（签名pk参数和ur...)">
                  </a> <!-- execute({sign=eval(util.SignUtil.sign("&ts=${ts}&menu_id=${menu_id}")), description=分析用例-逻辑校验-签名无效（签名pk参数和ur...) -->
                  <span class="method-name">execute</span>
                  <span class="parameters">({sign=eval(util.SignUtil.sign("&ts=${ts}&menu_id=${menu_id}")), description=分析用例-逻辑校验-签名无效（签名pk参数和url的pk参数不一致）, pk=43541693, secret=7b75d017582cfb9f481543f3efd142a9, key=77, menu_id=101002, ts=eval(new Date().getTime().toString())}, 6)</span>
                </div> <!-- method-content -->
              </div> <!-- method -->
            </div> <!-- main-panel-content rounded-window-bottom -->
          </div> <!-- suite-Default_suite-class-passed -->
        </div> <!-- panel Default_suite -->
        <div panel-name="test-xml-Default_suite" class="panel">
          <div class="main-panel-header rounded-window-top">
            <span class="header-content">C:\Users\Administrator\AppData\Local\Temp\testng-eclipse--699662630\testng-customsuite.xml</span>
          </div> <!-- main-panel-header rounded-window-top -->
          <div class="main-panel-content rounded-window-bottom">
            <pre>
&lt;?xml version=&quot;1.0&quot; encoding=&quot;UTF-8&quot;?&gt;
&lt;!DOCTYPE suite SYSTEM &quot;http://testng.org/testng-1.0.dtd&quot;&gt;
&lt;suite name=&quot;Default suite&quot;&gt;
  &lt;test verbose=&quot;2&quot; name=&quot;Default test&quot;&gt;
    &lt;classes&gt;
      &lt;class name=&quot;com.dwb.third.api.test.cases.AGetTest&quot;&gt;
        &lt;methods&gt;
          &lt;include name=&quot;execute&quot;/&gt;
        &lt;/methods&gt;
      &lt;/class&gt; &lt;!-- com.dwb.third.api.test.cases.AGetTest --&gt;
    &lt;/classes&gt;
  &lt;/test&gt; &lt;!-- Default test --&gt;
&lt;/suite&gt; &lt;!-- Default suite --&gt;
            </pre>
          </div> <!-- main-panel-content rounded-window-bottom -->
        </div> <!-- panel -->
        <div panel-name="testlist-Default_suite" class="panel">
          <div class="main-panel-header rounded-window-top">
            <span class="header-content">Tests for Default suite</span>
          </div> <!-- main-panel-header rounded-window-top -->
          <div class="main-panel-content rounded-window-bottom">
            <ul>
              <li>
                <span class="test-name">Default test (1 class)</span>
              </li>
            </ul>
          </div> <!-- main-panel-content rounded-window-bottom -->
        </div> <!-- panel -->
        <div panel-name="group-Default_suite" class="panel">
          <div class="main-panel-header rounded-window-top">
            <span class="header-content">Groups for Default suite</span>
          </div> <!-- main-panel-header rounded-window-top -->
          <div class="main-panel-content rounded-window-bottom">
          </div> <!-- main-panel-content rounded-window-bottom -->
        </div> <!-- panel -->
        <div panel-name="times-Default_suite" class="panel">
          <div class="main-panel-header rounded-window-top">
            <span class="header-content">Times for Default suite</span>
          </div> <!-- main-panel-header rounded-window-top -->
          <div class="main-panel-content rounded-window-bottom">
            <div class="times-div">
              <script type="text/javascript">
suiteTableInitFunctions.push('tableData_Default_suite');
function tableData_Default_suite() {
var data = new google.visualization.DataTable();
data.addColumn('number', 'Number');
data.addColumn('string', 'Method');
data.addColumn('string', 'Class');
data.addColumn('number', 'Time (ms)');
data.addRows(12);
data.setCell(0, 0, 0)
data.setCell(0, 1, 'execute')
data.setCell(0, 2, 'com.dwb.third.api.test.cases.AGetTest')
data.setCell(0, 3, 110);
data.setCell(1, 0, 1)
data.setCell(1, 1, 'execute')
data.setCell(1, 2, 'com.dwb.third.api.test.cases.AGetTest')
data.setCell(1, 3, 24);
data.setCell(2, 0, 2)
data.setCell(2, 1, 'execute')
data.setCell(2, 2, 'com.dwb.third.api.test.cases.AGetTest')
data.setCell(2, 3, 24);
data.setCell(3, 0, 3)
data.setCell(3, 1, 'execute')
data.setCell(3, 2, 'com.dwb.third.api.test.cases.AGetTest')
data.setCell(3, 3, 23);
data.setCell(4, 0, 4)
data.setCell(4, 1, 'execute')
data.setCell(4, 2, 'com.dwb.third.api.test.cases.AGetTest')
data.setCell(4, 3, 22);
data.setCell(5, 0, 5)
data.setCell(5, 1, 'execute')
data.setCell(5, 2, 'com.dwb.third.api.test.cases.AGetTest')
data.setCell(5, 3, 22);
data.setCell(6, 0, 6)
data.setCell(6, 1, 'execute')
data.setCell(6, 2, 'com.dwb.third.api.test.cases.AGetTest')
data.setCell(6, 3, 22);
data.setCell(7, 0, 7)
data.setCell(7, 1, 'execute')
data.setCell(7, 2, 'com.dwb.third.api.test.cases.AGetTest')
data.setCell(7, 3, 21);
data.setCell(8, 0, 8)
data.setCell(8, 1, 'execute')
data.setCell(8, 2, 'com.dwb.third.api.test.cases.AGetTest')
data.setCell(8, 3, 21);
data.setCell(9, 0, 9)
data.setCell(9, 1, 'execute')
data.setCell(9, 2, 'com.dwb.third.api.test.cases.AGetTest')
data.setCell(9, 3, 20);
data.setCell(10, 0, 10)
data.setCell(10, 1, 'execute')
data.setCell(10, 2, 'com.dwb.third.api.test.cases.AGetTest')
data.setCell(10, 3, 20);
data.setCell(11, 0, 11)
data.setCell(11, 1, 'execute')
data.setCell(11, 2, 'com.dwb.third.api.test.cases.AGetTest')
data.setCell(11, 3, 19);
window.suiteTableData['Default_suite']= { tableData: data, tableDiv: 'times-div-Default_suite'}
return data;
}
              </script>
              <span class="suite-total-time">Total running time: 348 ms</span>
              <div id="times-div-Default_suite">
              </div> <!-- times-div-Default_suite -->
            </div> <!-- times-div -->
          </div> <!-- main-panel-content rounded-window-bottom -->
        </div> <!-- panel -->
        <div panel-name="reporter-Default_suite" class="panel">
          <div class="main-panel-header rounded-window-top">
            <span class="header-content">Reporter output for Default suite</span>
          </div> <!-- main-panel-header rounded-window-top -->
          <div class="main-panel-content rounded-window-bottom">
          </div> <!-- main-panel-content rounded-window-bottom -->
        </div> <!-- panel -->
        <div panel-name="ignored-methods-Default_suite" class="panel">
          <div class="main-panel-header rounded-window-top">
            <span class="header-content">0 ignored methods</span>
          </div> <!-- main-panel-header rounded-window-top -->
          <div class="main-panel-content rounded-window-bottom">
          </div> <!-- main-panel-content rounded-window-bottom -->
        </div> <!-- panel -->
        <div panel-name="chronological-Default_suite" class="panel">
          <div class="main-panel-header rounded-window-top">
            <span class="header-content">Methods in chronological order</span>
          </div> <!-- main-panel-header rounded-window-top -->
          <div class="main-panel-content rounded-window-bottom">
            <div class="chronological-class">
              <div class="chronological-class-name">com.dwb.third.api.test.cases.AGetTest</div> <!-- chronological-class-name -->
              <div class="configuration-test before">
                <span class="method-name">setUp</span>
                <span class="method-start">0 ms</span>
              </div> <!-- configuration-test before -->
              <div class="test-method">
                <img src="failed.png">
                </img>
                <span class="method-name">execute({sign=eval(util.SignUtil.sign("&ts=${ts}&menu_id=${menu_id}")), description=分析用例-逻辑校验-菜单id(menu_id)不...)</span>
                <span class="method-start">28 ms</span>
              </div> <!-- test-method -->
              <div class="test-method">
                <img src="failed.png">
                </img>
                <span class="method-name">execute({sign=eval(util.SignUtil.sign("&ts=${ts}&menu_id=${menu_id}")), description=分析用例-逻辑校验-menu_id下菜品不可用,...)</span>
                <span class="method-start">139 ms</span>
              </div> <!-- test-method -->
              <div class="test-method">
                <img src="failed.png">
                </img>
                <span class="method-name">execute({sign=eval(util.SignUtil.sign("&ts=${ts}&menu_id=${menu_id}")), description=分析用例-逻辑校验-menu_id下菜品未卖完（...)</span>
                <span class="method-start">164 ms</span>
              </div> <!-- test-method -->
              <div class="test-method">
                <span class="method-name">execute({sign=eval(util.SignUtil.sign("&ts=${ts}&menu_id=${menu_id}")), description=分析用例-逻辑校验-签名无效（参数未作字典升序排...)</span>
                <span class="method-start">186 ms</span>
              </div> <!-- test-method -->
              <div class="test-method">
                <span class="method-name">execute({sign=eval(util.SignUtil.sign("&ts=${ts}&menu_id=${menu_id}")), description=分析用例-逻辑校验-签名无效（签名menu_id...)</span>
                <span class="method-start">210 ms</span>
              </div> <!-- test-method -->
              <div class="test-method">
                <img src="failed.png">
                </img>
                <span class="method-name">execute({sign=eval(util.SignUtil.sign("&ts=${ts}&menu_id=${menu_id}")), description=分析用例-逻辑校验-pk参数不存在, pk=43...)</span>
                <span class="method-start">231 ms</span>
              </div> <!-- test-method -->
              <div class="test-method">
                <span class="method-name">execute({sign=eval(util.SignUtil.sign("&ts=${ts}&menu_id=${menu_id}")), description=分析用例-逻辑校验-签名无效（签名pk参数和ur...)</span>
                <span class="method-start">254 ms</span>
              </div> <!-- test-method -->
              <div class="test-method">
                <span class="method-name">execute({sign=eval(util.SignUtil.sign("&ts=${ts}&menu_id=${menu_id}")), description=分析用例-逻辑校验-签名无效（签名ts参数和ur...)</span>
                <span class="method-start">278 ms</span>
              </div> <!-- test-method -->
              <div class="test-method">
                <img src="failed.png">
                </img>
                <span class="method-name">execute({sign=eval(util.SignUtil.sign("&ts=${ts}&menu_id=${menu_id}")), description=分支用例-参数校验-菜单id(menu_id)参...)</span>
                <span class="method-start">301 ms</span>
              </div> <!-- test-method -->
              <div class="test-method">
                <img src="failed.png">
                </img>
                <span class="method-name">execute({sign=eval(util.SignUtil.sign("&ts=${ts}&menu_id=${menu_id}")), description=分支用例-参数校验-ts参数缺失, pk=435...)</span>
                <span class="method-start">322 ms</span>
              </div> <!-- test-method -->
              <div class="test-method">
                <span class="method-name">execute({sign=eval(util.SignUtil.sign("&ts=${ts}&menu_id=${menu_id}")), description=分支用例-参数校验-pk参数缺失, pk=, s...)</span>
                <span class="method-start">343 ms</span>
              </div> <!-- test-method -->
              <div class="test-method">
                <img src="failed.png">
                </img>
                <span class="method-name">execute({sign=eval(util.SignUtil.sign("&ts=${ts}&menu_id=${menu_id}")), description=分支用例-参数校验-sign参数缺失, pk=4...)</span>
                <span class="method-start">366 ms</span>
              </div> <!-- test-method -->
          </div> <!-- main-panel-content rounded-window-bottom -->
        </div> <!-- panel -->
      </div> <!-- main-panel-root -->
    </div> <!-- wrapper -->
  </body>
</html>
